\BOOKMARK [2][-]{subsection.0.1}{\376\377\221\315\211\201\162\151\164\006\136\070\145\160}{}% 1
\BOOKMARK [2][-]{subsection.0.2}{\376\377\167\342\221\317\122\006\147\220\377\032\123\302\211\301\000J\000a\000c\000k\000s\000o\000n\116\146\142\111\230\165}{}% 2
\BOOKMARK [3][-]{subsubsection.0.2.1}{\376\377\167\342\221\317\217\320\173\227\137\213}{subsection.0.2}% 3
\BOOKMARK [2][-]{subsection.0.3}{\376\377\000n\000a\000b\000l\000a\173\227\173\046}{}% 4
\BOOKMARK [2][-]{subsection.0.4}{\376\377\000n\000a\000b\000l\000a\173\227\173\046\166\204\217\320\173\227\137\213}{}% 5
\BOOKMARK [2][-]{subsection.0.5}{\376\377\120\117\137\256\122\006\145\271\172\013}{}% 6
\BOOKMARK [2][-]{subsection.0.6}{\376\377\162\171\153\212\121\375\145\160}{}% 7
\BOOKMARK [3][-]{subsubsection.0.6.1}{\376\377\000B\000e\000s\000s\000e\000l\121\375\145\160}{subsection.0.6}% 8
\BOOKMARK [3][-]{subsubsection.0.6.2}{\376\377\000L\000e\000g\000e\000n\000d\000r\000e\131\032\230\171\137\017}{subsection.0.6}% 9
\BOOKMARK [2][-]{subsection.0.7}{\376\377\137\040\221\317\116\343\145\160\166\204\127\372\147\054\211\304\122\031}{}% 10
\BOOKMARK [1][-]{section.1}{\376\377\173\054\116\000\172\340\377\032\127\372\170\100\167\345\213\306\126\336\230\176}{}% 11
\BOOKMARK [2][-]{subsection.1.1}{\376\377\236\246\121\113\145\257\227\346\145\271\172\013\176\304}{section.1}% 12
\BOOKMARK [2][-]{subsection.1.2}{\376\377\217\271\165\114\147\141\116\366}{section.1}% 13
\BOOKMARK [1][-]{section.2}{\376\377\227\131\165\065\127\072}{}% 14
\BOOKMARK [2][-]{subsection.2.1}{\376\377\227\131\165\065\127\072\166\204\127\372\147\054\140\047\215\050}{section.2}% 15
\BOOKMARK [3][-]{subsubsection.2.1.1}{\376\377\154\312\147\176\145\271\172\013\124\214\142\311\146\156\142\311\145\257\145\271\172\013}{subsection.2.1}% 16
\BOOKMARK [3][-]{subsubsection.2.1.2}{\376\377\227\131\165\065\127\072\166\204\217\271\165\114\147\141\116\366}{subsection.2.1}% 17
\BOOKMARK [3][-]{subsubsection.2.1.3}{\376\377\227\131\165\065\127\072\166\204\200\375\221\317\124\214\200\375\155\101}{subsection.2.1}% 18
\BOOKMARK [3][-]{subsubsection.2.1.4}{\376\377\133\374\117\123\210\150\227\142\124\214\116\313\215\050\165\114\227\142\166\204\227\131\165\065\127\072}{subsection.2.1}% 19
\BOOKMARK [2][-]{subsection.2.2}{\376\377\227\131\165\065\127\072\166\204\154\102\211\343\145\271\154\325}{section.2}% 20
\BOOKMARK [3][-]{subsubsection.2.2.1}{\376\377\122\006\171\273\123\330\221\317\154\325}{subsection.2.2}% 21
\BOOKMARK [3][-]{subsubsection.2.2.2}{\376\377\225\134\120\317\154\325}{subsection.2.2}% 22
\BOOKMARK [3][-]{subsubsection.2.2.3}{\376\377\150\074\147\227\121\375\145\160\154\325}{subsection.2.2}% 23
\BOOKMARK [3][-]{subsubsection.2.2.4}{\376\377\131\032\147\201\134\125\137\000}{subsection.2.2}% 24
\BOOKMARK [2][-]{subsection.2.3}{\376\377\165\065\120\166\147\201\133\120\060\001\165\065\126\333\147\201\133\120}{section.2}% 25
\BOOKMARK [1][-]{section.3}{\376\377\165\065\170\301\154\342}{}% 26
\BOOKMARK [2][-]{subsection.3.1}{\376\377\154\342\122\250\145\271\172\013}{section.3}% 27
\BOOKMARK [2][-]{subsection.3.2}{\376\377\136\163\227\142\165\065\170\301\154\342}{section.3}% 28
\BOOKMARK [2][-]{subsection.3.3}{\376\377\165\065\170\301\154\342\166\204\200\375\221\317\124\214\122\250\221\317}{section.3}% 29
\BOOKMARK [1][-]{section.4}{\376\377\165\065\170\301\154\342\166\204\123\315\134\004\124\214\142\230\134\004}{}% 30
\BOOKMARK [2][-]{subsection.4.1}{\376\377\165\065\170\301\154\342\166\204\217\271\165\114\147\141\116\366}{section.4}% 31
\BOOKMARK [3][-]{subsubsection.4.1.1}{\376\377\164\006\140\363\221\321\134\136\217\271\165\114\147\141\116\366}{subsection.4.1}% 32
\BOOKMARK [3][-]{subsubsection.4.1.2}{\376\377\147\011\143\137\200\027\221\321\134\136\217\271\165\114\147\141\116\366}{subsection.4.1}% 33
\BOOKMARK [3][-]{subsubsection.4.1.3}{\376\377\116\313\215\050\116\244\165\114\227\142\147\141\116\366}{subsection.4.1}% 34
\BOOKMARK [2][-]{subsection.4.2}{\376\377\145\257\155\205\134\024\133\232\137\213}{section.4}% 35
\BOOKMARK [2][-]{subsection.4.3}{\376\377\203\362\155\205\134\024\121\154\137\017}{section.4}% 36
\BOOKMARK [2][-]{subsection.4.4}{\376\377\133\374\154\342\174\373\176\337\173\200\116\313}{section.4}% 37
\BOOKMARK [1][-]{section.5}{\376\377\154\342\133\374\127\372\147\054\164\006\213\272}{}% 38
\BOOKMARK [2][-]{subsection.5.1}{\376\377\116\316\236\246\121\113\145\257\227\346\145\271\172\013\176\304\133\374\121\372\166\204\154\342\122\250\145\271\172\013}{section.5}% 39
\BOOKMARK [3][-]{subsubsection.5.1.1}{\376\377\166\364\211\322\127\120\150\007\174\373\166\204\154\342\122\250\145\271\172\013\123\312\121\166\127\372\147\054\211\343}{subsection.5.1}% 40
\BOOKMARK [3][-]{subsubsection.5.1.2}{\376\377\147\361\127\120\150\007\174\373\166\204\154\342\122\250\145\271\172\013\123\312\121\166\127\372\147\054\211\343}{subsection.5.1}% 41
\BOOKMARK [2][-]{subsection.5.2}{\376\377\176\265\124\021\127\107\123\000\174\373\176\337\166\204\176\265\152\052\121\163\174\373}{section.5}% 42
\BOOKMARK [2][-]{subsection.5.3}{\376\377\154\342\133\374\166\204\226\073\142\227\116\016\122\237\163\207\117\040\217\223}{section.5}% 43
\BOOKMARK [1][-]{section.6}{\376\377\121\340\171\315\136\070\211\301\154\342\133\374}{}% 44
\BOOKMARK [2][-]{subsection.6.1}{\376\377\167\351\137\142\154\342\133\374}{section.6}% 45
\BOOKMARK [3][-]{subsubsection.6.1.1}{\376\377\167\351\137\142\154\342\133\374\166\204\152\041\137\017}{subsection.6.1}% 46
\BOOKMARK [3][-]{subsubsection.6.1.2}{\376\377\142\052\153\142\230\221\163\207\124\214\117\040\144\255\162\171\140\047}{subsection.6.1}% 47
\BOOKMARK [3][-]{subsubsection.6.1.3}{\376\377\000T\000E\152\041\137\017\127\072\122\006\136\003}{subsection.6.1}% 48
\BOOKMARK [3][-]{subsubsection.6.1.4}{\376\377\000T\000M\152\041\137\017\127\072\122\006\136\003}{subsection.6.1}% 49
\BOOKMARK [3][-]{subsubsection.6.1.5}{\376\377\154\342\133\374\166\204\226\073\142\227\124\214\122\237\163\207\117\040\217\223}{subsection.6.1}% 50
\BOOKMARK [2][-]{subsection.6.2}{\376\377\127\006\154\342\133\374}{section.6}% 51
\BOOKMARK [3][-]{subsubsection.6.2.1}{\376\377\127\006\154\342\133\374\166\204\152\041\137\017}{subsection.6.2}% 52
\BOOKMARK [3][-]{subsubsection.6.2.2}{\376\377\142\052\153\142\230\221\163\207\124\214\117\040\144\255\162\171\140\047}{subsection.6.2}% 53
\BOOKMARK [3][-]{subsubsection.6.2.3}{\376\377\000T\000E\152\041\137\017\127\072\122\006\136\003}{subsection.6.2}% 54
\BOOKMARK [3][-]{subsubsection.6.2.4}{\376\377\000T\000M\152\041\137\017\127\072\122\006\136\003}{subsection.6.2}% 55
\BOOKMARK [3][-]{subsubsection.6.2.5}{\376\377\154\342\133\374\166\204\226\073\142\227\124\214\122\237\163\207\117\040\217\223}{subsection.6.2}% 56
\BOOKMARK [3][-]{subsubsection.6.2.6}{\376\377\232\330\226\066\152\041\137\017\166\204\162\171\140\047}{subsection.6.2}% 57
\BOOKMARK [2][-]{subsection.6.3}{\376\377\116\313\215\050\122\240\217\175\154\342\133\374}{section.6}% 58
\BOOKMARK [3][-]{subsubsection.6.3.1}{\376\377\220\350\122\006\130\153\121\105\116\313\215\050\166\204\154\342\133\374}{subsection.6.3}% 59
\BOOKMARK [3][-]{subsubsection.6.3.2}{\376\377\162\171\137\201\145\271\172\013\166\204\154\102\211\343}{subsection.6.3}% 60
\BOOKMARK [2][-]{subsection.6.4}{\376\377\116\313\215\050\122\240\217\175\127\006\154\342\133\374\124\214\116\313\215\050\154\342\133\374}{section.6}% 61
\BOOKMARK [3][-]{subsubsection.6.4.1}{\376\377\116\313\215\050\127\006\154\342\133\374}{subsection.6.4}% 62
\BOOKMARK [2][-]{subsection.6.5}{\376\377\121\111\176\244\123\237\164\006}{section.6}% 63
\BOOKMARK [1][-]{section.7}{\376\377\214\020\143\057\201\124\127\372\170\100\164\006\213\272}{}% 64
\BOOKMARK [2][-]{subsection.7.1}{\376\377\154\342\122\250\145\271\172\013\123\312\121\166\127\372\147\054\211\343}{section.7}% 65
\BOOKMARK [2][-]{subsection.7.2}{\376\377\214\020\143\057\174\373\176\337\166\204\176\265\152\052\121\163\174\373}{section.7}% 66
\BOOKMARK [3][-]{subsubsection.7.2.1}{\376\377\154\342\133\374\166\204\120\250\200\375\116\016\124\301\215\050\126\340\145\160}{subsection.7.2}% 67
\BOOKMARK [1][-]{section.8}{\376\377\136\070\211\301\214\020\143\057\201\124}{}% 68
\BOOKMARK [2][-]{subsection.8.1}{\376\377\167\351\137\142\214\020\143\057\201\124}{section.8}% 69
\BOOKMARK [2][-]{subsection.8.2}{\376\377\127\006\147\361\214\020\143\057\201\124}{section.8}% 70
\BOOKMARK [1][-]{section.9}{\376\377\173\054\123\101\116\000\172\340\377\032\214\020\143\057\201\124\224\376\124\214\172\172\225\364\214\020\154\342}{}% 71
\BOOKMARK [2][-]{subsection.9.1}{\376\377\200\046\124\010\214\020\143\057\201\124}{section.9}% 72
\BOOKMARK [2][-]{subsection.9.2}{\376\377\124\150\147\037\176\323\147\204}{section.9}% 73
\BOOKMARK [1][-]{section.10}{\376\377\167\342\122\277\124\214\217\320\122\250\165\065\203\167\166\204\127\072}{}% 74
\BOOKMARK [2][-]{subsection.10.1}{\376\377\165\065\170\301\122\277}{section.10}% 75
\BOOKMARK [2][-]{subsection.10.2}{\376\377\217\276\147\027\215\035\134\024\145\271\172\013}{section.10}% 76
\BOOKMARK [2][-]{subsection.10.3}{\376\377\147\116\176\263\000-\176\364\214\042\134\024\122\277}{section.10}% 77
\BOOKMARK [1][-]{section.11}{\376\377\217\320\122\250\165\065\203\167\166\204\127\072\124\214\124\014\153\145\217\220\134\004}{}% 78
\BOOKMARK [2][-]{subsection.11.1}{\376\377\122\240\220\037\165\065\203\167\166\204\217\220\134\004}{section.11}% 79
\BOOKMARK [2][-]{subsection.11.2}{\376\377\124\014\153\145\217\220\134\004}{section.11}% 80
\BOOKMARK [1][-]{section.12}{\376\377\221\315\211\201\121\154\137\017\154\107\140\073}{}% 81
\BOOKMARK [2][-]{subsection.12.1}{\376\377\127\372\147\054\136\070\145\160}{section.12}% 82
\BOOKMARK [2][-]{subsection.12.2}{\376\377\136\070\165\050\167\342\221\317\140\122\173\111\137\017}{section.12}% 83
\BOOKMARK [1][-]{section.13}{\376\377\133\146\116\140\136\372\213\256\124\214\131\015\116\140\211\201\160\271}{}% 84
\BOOKMARK [2][-]{subsection.13.1}{\376\377\221\315\160\271\143\214\143\341}{section.13}% 85
\BOOKMARK [2][-]{subsection.13.2}{\376\377\133\146\116\140\145\271\154\325}{section.13}% 86
